<?xml version="1.0" encoding="UTF-8"?>
<!-- Generated by org.testng.reporters.JUnitReportReporter -->
<testsuite hostname="TYC1121686" failures="0" tests="1" name="users.TC_Time_Track_02Test" time="16.615" errors="0" timestamp="2022-03-02T10:57:51 IST" skipped="0">
  <testcase classname="users.TC_Time_Track_02Test" name="addTaskFromTheList" time="16.615"/>
  <system-out/>
</testsuite> <!-- users.TC_Time_Track_02Test -->
