<?xml version="1.0" encoding="UTF-8"?>
<!-- Generated by org.testng.reporters.JUnitReportReporter -->
<testsuite hostname="TYC1121686" failures="0" tests="1" name="users.TC_Time_Track_03Test" time="32.202" errors="0" timestamp="2022-03-03T09:03:53 IST" skipped="0">
  <testcase classname="users.TC_Time_Track_03Test" name="modifyingCreatedTask" time="32.202"/>
  <system-out/>
</testsuite> <!-- users.TC_Time_Track_03Test -->
