<?xml version="1.0" encoding="UTF-8"?>
<!-- Generated by org.testng.reporters.JUnitReportReporter -->
<testsuite hostname="TYC1121686" failures="0" tests="1" name="users.SampleTestCaseTest" time="21.301" errors="0" timestamp="2022-03-02T18:49:41 IST" skipped="0">
  <testcase classname="users.SampleTestCaseTest" name="sample" time="21.301"/>
  <system-out/>
</testsuite> <!-- users.SampleTestCaseTest -->
