<?xml version="1.0" encoding="UTF-8"?>
<!-- Generated by org.testng.reporters.JUnitReportReporter -->
<testsuite hostname="TYC1121686" failures="0" tests="1" name="users.TC_Time_Track_Test" time="12.588" errors="0" timestamp="2022-03-01T14:30:55 IST" skipped="0">
  <testcase classname="users.TC_Time_Track_Test" name="createNewTask" time="12.588"/>
  <system-out/>
</testsuite> <!-- users.TC_Time_Track_Test -->
