<?xml version="1.0" encoding="UTF-8"?>
<!-- Generated by org.testng.reporters.JUnitReportReporter -->
<testsuite hostname="TYC1121686" failures="0" tests="1" name="users.TC_Time_Track_03Test" time="30.440" errors="0" timestamp="2022-03-02T15:29:32 IST" skipped="0">
  <testcase classname="users.TC_Time_Track_03Test" name="modifyingCreatedTask" time="30.440"/>
  <system-out/>
</testsuite> <!-- users.TC_Time_Track_03Test -->
