<?xml version="1.0" encoding="UTF-8"?>
<!-- Generated by org.testng.reporters.JUnitReportReporter -->
<testsuite hostname="TYC1121686" failures="0" tests="1" name="users.SampleTestCaseTest" time="47.924" errors="0" timestamp="2022-02-28T22:43:30 IST" skipped="0">
  <testcase classname="users.SampleTestCaseTest" name="sample" time="47.924"/>
  <system-out/>
</testsuite> <!-- users.SampleTestCaseTest -->
